Build started 20.05.2017 14:41:16.
     1>Project "C:\Users\Visual\Documents\Visual Studio 2010\Projects\Prognoz\Prognoz\Prognoz.vcxproj" on node 2 (build target(s)).
     1>InitializeBuildStatus:
         Creating "Debug\Prognoz.unsuccessfulbuild" because "AlwaysCreate" was specified.
       GenerateTargetFrameworkMonikerAttribute:
       Skipping target "GenerateTargetFrameworkMonikerAttribute" because all output files are up-to-date with respect to the input files.
       ClCompile:
         All outputs are up-to-date.
         C:\Program Files (x86)\Microsoft Visual Studio 10.0\VC\bin\CL.exe /c /AI"C:\Program Files (x86)\Reference Assemblies\Microsoft\Framework\.NETFramework\v4.0" /Zi /clr:pure /nologo /W3 /WX- /Od /Oy- /D WIN32 /D _DEBUG /D _UNICODE /D UNICODE /EHa /MDd /GS /fp:precise /Zc:wchar_t /Zc:forScope /Yu"StdAfx.h" /Fp"Debug\Prognoz.pch" /Fo"Debug\\" /Fd"Debug\vc100.pdb" /TP /FU"C:\Program Files (x86)\Reference Assemblies\Microsoft\Framework\.NETFramework\v4.0\System.Core.dll" /FU"C:\Program Files (x86)\Reference Assemblies\Microsoft\Framework\.NETFramework\v4.0\System.Data.dll" /FU"C:\Program Files (x86)\Reference Assemblies\Microsoft\Framework\.NETFramework\v4.0\System.dll" /FU"C:\Program Files (x86)\Reference Assemblies\Microsoft\Framework\.NETFramework\v4.0\System.Drawing.dll" /FU"C:\Program Files (x86)\Reference Assemblies\Microsoft\Framework\.NETFramework\v4.0\System.Windows.Forms.dll" /FU"C:\Program Files (x86)\Reference Assemblies\Microsoft\Framework\.NETFramework\v4.0\System.Xml.dll" /analyze- /errorReport:prompt Prognoz.cpp /clr:nostdlib 
         Prognoz.cpp
         All outputs are up-to-date.
       CoreResGen:
         No resources are out of date with respect to their source files. Skipping resource generation.
       Link:
         C:\Program Files (x86)\Microsoft Visual Studio 10.0\VC\bin\link.exe /ERRORREPORT:PROMPT /OUT:"C:\Users\Visual\Documents\Visual Studio 2010\Projects\Prognoz\Debug\Prognoz.exe" /INCREMENTAL:NO /NOLOGO /ASSEMBLYRESOURCE:Debug\Prognoz.Form1.resources /ASSEMBLYRESOURCE:Debug\Prognoz.Form2.resources /MANIFEST /ManifestFile:"Debug\Prognoz.exe.intermediate.manifest" /MANIFESTUAC:"level='asInvoker' uiAccess='false'" /DEBUG /PDB:"C:\Users\Visual\Documents\Visual Studio 2010\Projects\Prognoz\Debug\Prognoz.pdb" /ASSEMBLYDEBUG /SUBSYSTEM:WINDOWS /TLBID:1 /ENTRY:"main" /DYNAMICBASE /FIXED:NO /NXCOMPAT /MACHINE:X86 Debug\AssemblyInfo.obj
         Debug\Form1.obj
         Debug\Form2.obj
         Debug\Prognoz.obj
         Debug\stdafx.obj
         "Debug\.NETFramework,Version=v4.0.AssemblyAttributes.obj"
         Prognoz.vcxproj -> C:\Users\Visual\Documents\Visual Studio 2010\Projects\Prognoz\Debug\Prognoz.exe
       Manifest:
         C:\Program Files (x86)\Microsoft SDKs\Windows\v7.0A\bin\mt.exe /nologo /verbose /outputresource:"C:\Users\Visual\Documents\Visual Studio 2010\Projects\Prognoz\Debug\Prognoz.exe;#1" /manifest Debug\Prognoz.exe.intermediate.manifest
       FinalizeBuildStatus:
         Deleting file "Debug\Prognoz.unsuccessfulbuild".
         Touching "Debug\Prognoz.lastbuildstate".
     1>Done Building Project "C:\Users\Visual\Documents\Visual Studio 2010\Projects\Prognoz\Prognoz\Prognoz.vcxproj" (build target(s)).

Build succeeded.

Time Elapsed 00:00:02.20
