c:\users\visual\documents\visual studio 2010\projects\prognoz\prognoz\debug\prognoz.obj
c:\users\visual\documents\visual studio 2010\projects\prognoz\prognoz\debug\assemblyinfo.obj
c:\users\visual\documents\visual studio 2010\projects\prognoz\prognoz\debug\form2.obj
c:\users\visual\documents\visual studio 2010\projects\prognoz\prognoz\debug\form1.obj
c:\users\visual\documents\visual studio 2010\projects\prognoz\prognoz\debug\prognoz.pch
c:\users\visual\documents\visual studio 2010\projects\prognoz\prognoz\debug\stdafx.obj
c:\users\visual\documents\visual studio 2010\projects\prognoz\prognoz\debug\vc100.pdb
c:\users\visual\documents\visual studio 2010\projects\prognozirovanie\prognoz\prognoz\debug\prognoz.pch
c:\users\visual\documents\visual studio 2010\projects\prognozirovanie\prognoz\prognoz\debug\stdafx.obj
c:\users\visual\documents\visual studio 2010\projects\prognozirovanie\prognoz\prognoz\debug\vc100.pdb
c:\users\visual\documents\visual studio 2010\projects\prognozirovanie\prognoz\prognoz\debug\prognoz.obj
c:\users\visual\documents\visual studio 2010\projects\prognozirovanie\prognoz\prognoz\debug\form2.obj
c:\users\visual\documents\visual studio 2010\projects\prognozirovanie\prognoz\prognoz\debug\form1.obj
c:\users\visual\documents\visual studio 2010\projects\prognozirovanie\prognoz\prognoz\debug\assemblyinfo.obj
c:\users\visual\documents\visual studio 2010\projects\prognozirovanie\prognoz\prognoz\debug\.netframework,version=v4.0.assemblyattributes.obj
c:\users\sash\documents\visual studio 2010\projects\prognozirovanie\prognoz\prognoz\debug\prognoz.pch
c:\users\sash\documents\visual studio 2010\projects\prognozirovanie\prognoz\prognoz\debug\stdafx.obj
c:\users\sash\documents\visual studio 2010\projects\prognozirovanie\prognoz\prognoz\debug\vc100.pdb
c:\users\sash\documents\visual studio 2010\projects\prognozirovanie\prognoz\prognoz\debug\form2.obj
c:\users\sash\documents\visual studio 2010\projects\prognozirovanie\prognoz\prognoz\debug\form1.obj
c:\users\sash\documents\visual studio 2010\projects\prognozirovanie\prognoz\prognoz\debug\assemblyinfo.obj
c:\users\sash\documents\visual studio 2010\projects\prognozirovanie\prognoz\prognoz\debug\prognoz.obj
c:\users\sash\documents\visual studio 2010\projects\prognozirovanie\prognoz\prognoz\debug\.netframework,version=v4.0.assemblyattributes.obj
c:\users\visual\documents\visual studio 2010\projects\prognoz\debug\prognoz.exe
c:\users\visual\documents\visual studio 2010\projects\prognoz\prognoz\debug\prognoz.exe.intermediate.manifest
c:\users\visual\documents\visual studio 2010\projects\prognoz\debug\prognoz.pdb
c:\users\visual\documents\visual studio 2010\projects\prognozirovanie\prognoz\debug\prognoz.exe
c:\users\visual\documents\visual studio 2010\projects\prognozirovanie\prognoz\prognoz\debug\prognoz.exe.intermediate.manifest
c:\users\visual\documents\visual studio 2010\projects\prognozirovanie\prognoz\debug\prognoz.pdb
c:\users\sash\documents\visual studio 2010\projects\prognozirovanie\prognoz\debug\prognoz.exe
c:\users\sash\documents\visual studio 2010\projects\prognozirovanie\prognoz\prognoz\debug\prognoz.exe.intermediate.manifest
c:\users\sash\documents\visual studio 2010\projects\prognozirovanie\prognoz\debug\prognoz.pdb
c:\users\sash\documents\visual studio 2017\projects\prognoz\prognoz\debug\prognoz.pch
c:\users\sash\documents\visual studio 2017\projects\prognoz\prognoz\debug\vc141.pdb
c:\users\sash\documents\visual studio 2017\projects\prognoz\prognoz\debug\stdafx.obj
c:\users\sash\documents\visual studio 2017\projects\prognoz\prognoz\debug\prognoz.obj
c:\users\sash\documents\visual studio 2017\projects\prognoz\prognoz\debug\form2.obj
c:\users\sash\documents\visual studio 2017\projects\prognoz\prognoz\debug\form1.obj
c:\users\sash\documents\visual studio 2017\projects\prognoz\prognoz\debug\assemblyinfo.obj
c:\users\sash\documents\visual studio 2017\projects\prognoz\prognoz\debug\.netframework,version=v4.6.1.assemblyattributes.obj
c:\users\sash\documents\visual studio 2017\projects\prognoz\prognoz\debug\.netframework,version=v4.6.1.assemblyattributes.asm
c:\users\sash\documents\visual studio 2017\projects\prognoz\debug\prognoz.exe
c:\users\sash\documents\visual studio 2017\projects\prognoz\debug\prognoz.pdb
c:\users\sash\documents\visual studio 2017\projects\prognoz\prognoz\debug\prognoz.form1.resources
c:\users\sash\documents\visual studio 2017\projects\prognoz\prognoz\debug\prognoz.form2.resources
c:\users\sash\documents\visual studio 2017\projects\prognoz\prognoz\debug\prognoz.vcxproj.generateresource.cache
c:\users\sash\documents\visual studio 2017\projects\prognoz\prognoz\debug\prognoz.vcxprojresolveassemblyreference.cache
c:\users\sash\documents\visual studio 2017\projects\prognoz\prognoz\debug\.netframework,version=v4.0.assemblyattributes.obj
c:\users\sash\documents\visual studio 2017\projects\prognoz\prognoz\debug\cl.command.1.tlog
c:\users\sash\documents\visual studio 2017\projects\prognoz\prognoz\debug\cl.read.1.tlog
c:\users\sash\documents\visual studio 2017\projects\prognoz\prognoz\debug\cl.write.1.tlog
c:\users\sash\documents\visual studio 2017\projects\prognoz\prognoz\debug\link.4008.read.1.tlog
c:\users\sash\documents\visual studio 2017\projects\prognoz\prognoz\debug\link.4008.write.1.tlog
c:\users\sash\documents\visual studio 2017\projects\prognoz\prognoz\debug\link.4536.read.1.tlog
c:\users\sash\documents\visual studio 2017\projects\prognoz\prognoz\debug\link.4536.write.1.tlog
c:\users\sash\documents\visual studio 2017\projects\prognoz\prognoz\debug\link.command.1.tlog
c:\users\sash\documents\visual studio 2017\projects\prognoz\prognoz\debug\link.read.1.tlog
c:\users\sash\documents\visual studio 2017\projects\prognoz\prognoz\debug\link.write.1.tlog
c:\users\sash\documents\visual studio 2017\projects\prognoz\prognoz\debug\mt.command.1.tlog
c:\users\sash\documents\visual studio 2017\projects\prognoz\prognoz\debug\mt.read.1.tlog
c:\users\sash\documents\visual studio 2017\projects\prognoz\prognoz\debug\mt.write.1.tlog
c:\users\sash\documents\visual studio 2017\projects\prognoz\prognoz\debug\prognoz.write.1.tlog
c:\users\sash\documents\visual studio 2017\projects\prognoz\prognoz\debug\rc.read.1.tlog
c:\users\sash\documents\visual studio 2017\projects\prognoz\prognoz\debug\prognoz.exe.intermediate.manifest
c:\users\sash\documents\visual studio 2017\projects\prognoz\prognoz\debug\vc100.pdb
c:\users\sash\documents\visual studio 2017\projects\prognoz\debug\prognoz.ilk
c:\users\sash\documents\visual studio 2017\projects\prognoz\prognoz\debug\prognoz.tlog\cl.command.1.tlog
c:\users\sash\documents\visual studio 2017\projects\prognoz\prognoz\debug\prognoz.tlog\cl.read.1.tlog
c:\users\sash\documents\visual studio 2017\projects\prognoz\prognoz\debug\prognoz.tlog\cl.write.1.tlog
c:\users\sash\documents\visual studio 2017\projects\prognoz\prognoz\debug\prognoz.tlog\link.command.1.tlog
c:\users\sash\documents\visual studio 2017\projects\prognoz\prognoz\debug\prognoz.tlog\link.read.1.tlog
c:\users\sash\documents\visual studio 2017\projects\prognoz\prognoz\debug\prognoz.tlog\link.write.1.tlog
c:\users\sash\documents\visual studio 2017\projects\prognoz\prognoz\debug\prognoz.tlog\metagen.read.1.tlog
c:\users\sash\documents\visual studio 2017\projects\prognoz\prognoz\debug\prognoz.tlog\metagen.write.1.tlog
c:\users\sash\documents\visual studio 2017\projects\prognoz\prognoz\debug\prognoz.tlog\prognoz.write.1u.tlog
c:\users\sash\documents\visual studio 2017\projects\prognoz\prognoz\debug\prognoz.tlog\rsaenh.dll.bi
c:\users\sash\documents\visual studio 2017\projects\prognoz\prognoz\debug\prognoz.tlog\tzres.dll.bi
